  CSVReader.cpp
CSVReader.cpp(52): warning C4244: '=': conversion from 'double' to 'float', possible loss of data
CSVReader.cpp(66): warning C4244: '=': conversion from 'double' to 'float', possible loss of data
CSVReader.cpp(73): warning C4244: 'argument': conversion from 'double' to 'float', possible loss of data
CSVReader.cpp(85): warning C4244: 'argument': conversion from 'double' to 'float', possible loss of data
CSVReader.cpp(98): warning C4244: 'argument': conversion from 'double' to 'float', possible loss of data
CSVReader.cpp(116): warning C4244: '=': conversion from 'time_t' to 'float', possible loss of data
CSVReader.cpp(119): warning C4244: '=': conversion from 'double' to 'float', possible loss of data
CSVReader.cpp(120): warning C4244: '=': conversion from 'double' to 'float', possible loss of data
CSVReader.cpp(121): warning C4244: '=': conversion from 'double' to 'float', possible loss of data
CSVReader.cpp(122): warning C4244: '=': conversion from 'double' to 'float', possible loss of data
CSVReader.cpp(123): warning C4244: '=': conversion from 'double' to 'float', possible loss of data
CSVReader.cpp(113): warning C4101: 'timestamp': unreferenced local variable
  CSVWriter.cpp
  MapMatcher.cpp
  ProbeLinkMatcher.cpp
ProbeLinkMatcher.cpp(39): warning C4101: 'curr_dist': unreferenced local variable
ProbeLinkMatcher.cpp(150): warning C4267: '=': conversion from 'size_t' to 'int', possible loss of data
ProbeLinkMatcher.cpp(154): warning C4267: '=': conversion from 'size_t' to 'int', possible loss of data
ProbeLinkMatcher.cpp(171): warning C4305: '/=': truncation from 'double' to 'float'
ProbeLinkMatcher.cpp(198): warning C4244: 'return': conversion from 'double' to 'float', possible loss of data
C:\Program Files (x86)\Microsoft Visual Studio 14.0\VC\include\utility(200): warning C4244: 'initializing': conversion from 'int' to 'float', possible loss of data
  ProbeLinkMatcher.cpp(90): note: see reference to function template instantiation 'std::pair<int,float>::pair<int,int,void,0>(std::pair<int,int> &&) noexcept' being compiled
  ProbeLinkMatcher.cpp(90): note: see reference to function template instantiation 'std::pair<int,float>::pair<int,int,void,0>(std::pair<int,int> &&) noexcept' being compiled
CSVReader.obj : error LNK2001: unresolved external symbol "private: struct std::pair<int,struct LinkPoint> __cdecl CSVReader::row_string_buff2MatchedProbesRow(class std::vector<class std::basic_string<char,struct std::char_traits<char>,class std::allocator<char> >,class std::allocator<class std::basic_string<char,struct std::char_traits<char>,class std::allocator<char> > > > &)" (?row_string_buff2MatchedProbesRow@CSVReader@@AEAA?AU?$pair@HULinkPoint@@@std@@AEAV?$vector@V?$basic_string@DU?$char_traits@D@std@@V?$allocator@D@2@@std@@V?$allocator@V?$basic_string@DU?$char_traits@D@std@@V?$allocator@D@2@@std@@@2@@3@@Z)
D:\GoogleDrive\Academic\Grad School Stuff\4th Semester\CS 513 - Geospatial Vision & Visualization\HW2\MapMatcher\x64\Release\MapMatcher.exe : fatal error LNK1120: 1 unresolved externals
