d:\googledrive\academic\grad school stuff\4th semester\cs 513 - geospatial vision & visualization\hw2\mapmatcher\mapmatcher\debug\vc140.pdb
d:\googledrive\academic\grad school stuff\4th semester\cs 513 - geospatial vision & visualization\hw2\mapmatcher\mapmatcher\debug\vc140.idb
d:\googledrive\academic\grad school stuff\4th semester\cs 513 - geospatial vision & visualization\hw2\mapmatcher\mapmatcher\debug\mapmatcher.obj
d:\googledrive\academic\grad school stuff\4th semester\cs 513 - geospatial vision & visualization\hw2\mapmatcher\mapmatcher\debug\csvreader.obj
d:\googledrive\academic\grad school stuff\4th semester\cs 513 - geospatial vision & visualization\hw2\mapmatcher\mapmatcher\debug\probelinkmatcher.obj
d:\googledrive\academic\grad school stuff\4th semester\cs 513 - geospatial vision & visualization\hw2\mapmatcher\mapmatcher\debug\csvreader.obj.enc
d:\googledrive\academic\grad school stuff\4th semester\cs 513 - geospatial vision & visualization\hw2\mapmatcher\mapmatcher\debug\mapmatcher.obj.enc
d:\googledrive\academic\grad school stuff\4th semester\cs 513 - geospatial vision & visualization\hw2\mapmatcher\debug\mapmatcher.pdb
d:\googledrive\academic\grad school stuff\4th semester\cs 513 - geospatial vision & visualization\hw2\mapmatcher\mapmatcher\debug\mapmatcher.tlog\cl.command.1.tlog
d:\googledrive\academic\grad school stuff\4th semester\cs 513 - geospatial vision & visualization\hw2\mapmatcher\mapmatcher\debug\mapmatcher.tlog\cl.read.1.tlog
d:\googledrive\academic\grad school stuff\4th semester\cs 513 - geospatial vision & visualization\hw2\mapmatcher\mapmatcher\debug\mapmatcher.tlog\cl.write.1.tlog
d:\googledrive\academic\grad school stuff\4th semester\cs 513 - geospatial vision & visualization\hw2\mapmatcher\mapmatcher\debug\mapmatcher.tlog\link-cvtres.read.1.tlog
d:\googledrive\academic\grad school stuff\4th semester\cs 513 - geospatial vision & visualization\hw2\mapmatcher\mapmatcher\debug\mapmatcher.tlog\link-cvtres.write.1.tlog
d:\googledrive\academic\grad school stuff\4th semester\cs 513 - geospatial vision & visualization\hw2\mapmatcher\mapmatcher\debug\mapmatcher.tlog\link-rc.read.1.tlog
d:\googledrive\academic\grad school stuff\4th semester\cs 513 - geospatial vision & visualization\hw2\mapmatcher\mapmatcher\debug\mapmatcher.tlog\link-rc.write.1.tlog
d:\googledrive\academic\grad school stuff\4th semester\cs 513 - geospatial vision & visualization\hw2\mapmatcher\mapmatcher\debug\mapmatcher.tlog\link.4268-cvtres.read.1.tlog
d:\googledrive\academic\grad school stuff\4th semester\cs 513 - geospatial vision & visualization\hw2\mapmatcher\mapmatcher\debug\mapmatcher.tlog\link.4268-cvtres.write.1.tlog
d:\googledrive\academic\grad school stuff\4th semester\cs 513 - geospatial vision & visualization\hw2\mapmatcher\mapmatcher\debug\mapmatcher.tlog\link.4268-rc.read.1.tlog
d:\googledrive\academic\grad school stuff\4th semester\cs 513 - geospatial vision & visualization\hw2\mapmatcher\mapmatcher\debug\mapmatcher.tlog\link.4268-rc.write.1.tlog
d:\googledrive\academic\grad school stuff\4th semester\cs 513 - geospatial vision & visualization\hw2\mapmatcher\mapmatcher\debug\mapmatcher.tlog\link.4268.read.1.tlog
d:\googledrive\academic\grad school stuff\4th semester\cs 513 - geospatial vision & visualization\hw2\mapmatcher\mapmatcher\debug\mapmatcher.tlog\link.4268.write.1.tlog
d:\googledrive\academic\grad school stuff\4th semester\cs 513 - geospatial vision & visualization\hw2\mapmatcher\mapmatcher\debug\mapmatcher.tlog\link.command.1.tlog
d:\googledrive\academic\grad school stuff\4th semester\cs 513 - geospatial vision & visualization\hw2\mapmatcher\mapmatcher\debug\mapmatcher.tlog\link.read.1.tlog
d:\googledrive\academic\grad school stuff\4th semester\cs 513 - geospatial vision & visualization\hw2\mapmatcher\mapmatcher\debug\mapmatcher.tlog\link.write.1.tlog
