  ProbeLinkMatcher.cpp
  CSVReader.cpp
d:\googledrive\academic\grad school stuff\4th semester\cs 513 - geospatial vision & visualization\hw2\mapmatcher\mapmatcher\csvreader.cpp(12): warning C4244: 'argument': conversion from 'std::streamoff' to 'int', possible loss of data
d:\googledrive\academic\grad school stuff\4th semester\cs 513 - geospatial vision & visualization\hw2\mapmatcher\mapmatcher\csvreader.cpp(46): warning C4244: '=': conversion from 'double' to 'float', possible loss of data
d:\googledrive\academic\grad school stuff\4th semester\cs 513 - geospatial vision & visualization\hw2\mapmatcher\mapmatcher\csvreader.cpp(60): warning C4244: '=': conversion from 'double' to 'float', possible loss of data
d:\googledrive\academic\grad school stuff\4th semester\cs 513 - geospatial vision & visualization\hw2\mapmatcher\mapmatcher\csvreader.cpp(67): warning C4244: 'argument': conversion from 'double' to 'float', possible loss of data
d:\googledrive\academic\grad school stuff\4th semester\cs 513 - geospatial vision & visualization\hw2\mapmatcher\mapmatcher\csvreader.cpp(79): warning C4244: 'argument': conversion from 'double' to 'float', possible loss of data
d:\googledrive\academic\grad school stuff\4th semester\cs 513 - geospatial vision & visualization\hw2\mapmatcher\mapmatcher\csvreader.cpp(92): warning C4244: 'argument': conversion from 'double' to 'float', possible loss of data
d:\googledrive\academic\grad school stuff\4th semester\cs 513 - geospatial vision & visualization\hw2\mapmatcher\mapmatcher\csvreader.cpp(110): warning C4244: '=': conversion from 'time_t' to 'float', possible loss of data
d:\googledrive\academic\grad school stuff\4th semester\cs 513 - geospatial vision & visualization\hw2\mapmatcher\mapmatcher\csvreader.cpp(112): warning C4244: '=': conversion from 'double' to 'float', possible loss of data
d:\googledrive\academic\grad school stuff\4th semester\cs 513 - geospatial vision & visualization\hw2\mapmatcher\mapmatcher\csvreader.cpp(113): warning C4244: '=': conversion from 'double' to 'float', possible loss of data
d:\googledrive\academic\grad school stuff\4th semester\cs 513 - geospatial vision & visualization\hw2\mapmatcher\mapmatcher\csvreader.cpp(114): warning C4244: '=': conversion from 'double' to 'float', possible loss of data
d:\googledrive\academic\grad school stuff\4th semester\cs 513 - geospatial vision & visualization\hw2\mapmatcher\mapmatcher\csvreader.cpp(115): warning C4244: '=': conversion from 'double' to 'float', possible loss of data
d:\googledrive\academic\grad school stuff\4th semester\cs 513 - geospatial vision & visualization\hw2\mapmatcher\mapmatcher\csvreader.cpp(116): warning C4244: '=': conversion from 'double' to 'float', possible loss of data
d:\googledrive\academic\grad school stuff\4th semester\cs 513 - geospatial vision & visualization\hw2\mapmatcher\mapmatcher\csvreader.cpp(107): warning C4101: 'timestamp': unreferenced local variable
  MapMatcher.cpp
  Generating Code...
  LINK : D:\GoogleDrive\Academic\Grad School Stuff\4th Semester\CS 513 - Geospatial Vision & Visualization\HW2\MapMatcher\Debug\MapMatcher.exe not found or not built by the last incremental link; performing full link
  MapMatcher.vcxproj -> D:\GoogleDrive\Academic\Grad School Stuff\4th Semester\CS 513 - Geospatial Vision & Visualization\HW2\MapMatcher\Debug\MapMatcher.exe
  MapMatcher.vcxproj -> D:\GoogleDrive\Academic\Grad School Stuff\4th Semester\CS 513 - Geospatial Vision & Visualization\HW2\MapMatcher\Debug\MapMatcher.pdb (Full PDB)
